<?xml version="1.0" encoding="UTF-8"?>
<!-- Generated by org.testng.reporters.JUnitXMLReporter -->
<testsuite ignored="0" hostname="Ved" failures="0" tests="3" name="HomePageTest" time="13.249" errors="0" timestamp="2025-01-19T12:59:13 IST">
  <testcase classname="com.CRM.TestCases.HomePageTestCases" name="verifyUrl" time="0.011"/>
  <testcase classname="com.CRM.TestCases.HomePageTestCases" name="verifyTitle" time="0.005"/>
  <testcase classname="com.CRM.TestCases.HomePageTestCases" name="validateSignInLink" time="1.136"/>
</testsuite> <!-- HomePageTest -->
