<?xml version="1.0" encoding="UTF-8"?>
<!-- Generated by org.testng.reporters.JUnitXMLReporter -->
<testsuite ignored="0" hostname="Ved" failures="0" tests="3" name="HomePageTest" time="7.015" errors="0" timestamp="2025-01-24T15:52:23 IST">
  <testcase classname="com.CRM.TestCases.HomePageTestCases" name="verifyUrl" time="0.014"/>
  <testcase classname="com.CRM.TestCases.HomePageTestCases" name="verifyTitle" time="0.006"/>
  <testcase classname="com.CRM.TestCases.HomePageTestCases" name="validateSignInLink" time="1.08"/>
</testsuite> <!-- HomePageTest -->
