<?xml version="1.0" encoding="UTF-8"?>
<!-- Generated by org.testng.reporters.JUnitXMLReporter -->
<testsuite ignored="0" hostname="Ved" failures="0" tests="3" name="HomePageTest" time="14.483" errors="0" timestamp="2025-01-19T13:08:04 IST">
  <testcase classname="com.CRM.TestCases.HomePageTestCases" name="verifyUrl" time="0.015"/>
  <testcase classname="com.CRM.TestCases.HomePageTestCases" name="verifyTitle" time="0.013"/>
  <testcase classname="com.CRM.TestCases.HomePageTestCases" name="validateSignInLink" time="0.947"/>
</testsuite> <!-- HomePageTest -->
