<?xml version="1.0" encoding="UTF-8"?>
<testng-results ignored="0" total="4" passed="4" failed="0" skipped="0">
  <reporter-output>
  </reporter-output>
  <suite started-at="2025-01-19T13:07:49 IST" name="Suite" finished-at="2025-01-19T13:08:08 IST" duration-ms="19344">
    <groups>
    </groups>
    <test started-at="2025-01-19T13:07:49 IST" name="HomePageTest" finished-at="2025-01-19T13:08:04 IST" duration-ms="14483">
      <class name="com.CRM.TestCases.HomePageTestCases">
        <test-method is-config="true" signature="setup()[pri:0, instance:com.CRM.TestCases.HomePageTestCases@1700915]" started-at="2025-01-19T13:07:49 IST" name="setup" finished-at="2025-01-19T13:08:03 IST" duration-ms="13467" status="PASS">
          <reporter-output>
          </reporter-output>
        </test-method> <!-- setup -->
        <test-method signature="verifyUrl()[pri:1, instance:com.CRM.TestCases.HomePageTestCases@1700915]" started-at="2025-01-19T13:08:03 IST" name="verifyUrl" finished-at="2025-01-19T13:08:03 IST" duration-ms="15" status="PASS">
          <reporter-output>
          </reporter-output>
        </test-method> <!-- verifyUrl -->
        <test-method signature="verifyTitle()[pri:2, instance:com.CRM.TestCases.HomePageTestCases@1700915]" started-at="2025-01-19T13:08:03 IST" name="verifyTitle" finished-at="2025-01-19T13:08:03 IST" duration-ms="13" status="PASS">
          <reporter-output>
          </reporter-output>
        </test-method> <!-- verifyTitle -->
        <test-method signature="validateSignInLink()[pri:3, instance:com.CRM.TestCases.HomePageTestCases@1700915]" started-at="2025-01-19T13:08:03 IST" name="validateSignInLink" finished-at="2025-01-19T13:08:04 IST" duration-ms="947" status="PASS">
          <reporter-output>
          </reporter-output>
        </test-method> <!-- validateSignInLink -->
      </class> <!-- com.CRM.TestCases.HomePageTestCases -->
    </test> <!-- HomePageTest -->
    <test started-at="2025-01-19T13:08:04 IST" name="LoginPageTest" finished-at="2025-01-19T13:08:08 IST" duration-ms="4821">
      <class name="com.CRM.TestCases.LoginPageTestCases">
        <test-method is-config="true" signature="setup()[pri:0, instance:com.CRM.TestCases.LoginPageTestCases@1ab3a8c8]" started-at="2025-01-19T13:08:04 IST" name="setup" finished-at="2025-01-19T13:08:06 IST" duration-ms="2493" status="PASS">
          <reporter-output>
          </reporter-output>
        </test-method> <!-- setup -->
        <test-method is-config="true" signature="pageSetUp()[pri:0, instance:com.CRM.TestCases.LoginPageTestCases@1ab3a8c8]" started-at="2025-01-19T13:08:06 IST" name="pageSetUp" finished-at="2025-01-19T13:08:07 IST" duration-ms="1089" status="PASS">
          <reporter-output>
          </reporter-output>
        </test-method> <!-- pageSetUp -->
        <test-method signature="validateLogin()[pri:0, instance:com.CRM.TestCases.LoginPageTestCases@1ab3a8c8]" started-at="2025-01-19T13:08:07 IST" name="validateLogin" finished-at="2025-01-19T13:08:08 IST" duration-ms="1237" status="PASS">
          <reporter-output>
          </reporter-output>
        </test-method> <!-- validateLogin -->
      </class> <!-- com.CRM.TestCases.LoginPageTestCases -->
    </test> <!-- LoginPageTest -->
  </suite> <!-- Suite -->
</testng-results>
