<?xml version="1.0" encoding="UTF-8"?>
<testng-results ignored="0" total="4" passed="4" failed="0" skipped="0">
  <reporter-output>
  </reporter-output>
  <suite started-at="2025-01-24T15:52:16 IST" name="Suite" finished-at="2025-01-24T15:52:28 IST" duration-ms="12295">
    <groups>
    </groups>
    <test started-at="2025-01-24T15:52:16 IST" name="HomePageTest" finished-at="2025-01-24T15:52:23 IST" duration-ms="7015">
      <class name="com.CRM.TestCases.HomePageTestCases">
        <test-method is-config="true" signature="setup()[pri:0, instance:com.CRM.TestCases.HomePageTestCases@76505305]" started-at="2025-01-24T15:52:16 IST" name="setup" finished-at="2025-01-24T15:52:22 IST" duration-ms="5895" status="PASS">
          <reporter-output>
          </reporter-output>
        </test-method> <!-- setup -->
        <test-method signature="verifyUrl()[pri:1, instance:com.CRM.TestCases.HomePageTestCases@76505305]" started-at="2025-01-24T15:52:22 IST" name="verifyUrl" finished-at="2025-01-24T15:52:22 IST" duration-ms="14" status="PASS">
          <reporter-output>
          </reporter-output>
        </test-method> <!-- verifyUrl -->
        <test-method signature="verifyTitle()[pri:2, instance:com.CRM.TestCases.HomePageTestCases@76505305]" started-at="2025-01-24T15:52:22 IST" name="verifyTitle" finished-at="2025-01-24T15:52:22 IST" duration-ms="6" status="PASS">
          <reporter-output>
          </reporter-output>
        </test-method> <!-- verifyTitle -->
        <test-method signature="validateSignInLink()[pri:3, instance:com.CRM.TestCases.HomePageTestCases@76505305]" started-at="2025-01-24T15:52:22 IST" name="validateSignInLink" finished-at="2025-01-24T15:52:23 IST" duration-ms="1080" status="PASS">
          <reporter-output>
          </reporter-output>
        </test-method> <!-- validateSignInLink -->
      </class> <!-- com.CRM.TestCases.HomePageTestCases -->
    </test> <!-- HomePageTest -->
    <test started-at="2025-01-24T15:52:23 IST" name="LoginPageTest" finished-at="2025-01-24T15:52:28 IST" duration-ms="5251">
      <class name="com.CRM.TestCases.LoginPageTestCases">
        <test-method is-config="true" signature="setup()[pri:0, instance:com.CRM.TestCases.LoginPageTestCases@1f2586d6]" started-at="2025-01-24T15:52:23 IST" name="setup" finished-at="2025-01-24T15:52:26 IST" duration-ms="2716" status="PASS">
          <reporter-output>
          </reporter-output>
        </test-method> <!-- setup -->
        <test-method is-config="true" signature="pageSetUp()[pri:0, instance:com.CRM.TestCases.LoginPageTestCases@1f2586d6]" started-at="2025-01-24T15:52:26 IST" name="pageSetUp" finished-at="2025-01-24T15:52:27 IST" duration-ms="1193" status="PASS">
          <reporter-output>
          </reporter-output>
        </test-method> <!-- pageSetUp -->
        <test-method signature="validateLogin()[pri:0, instance:com.CRM.TestCases.LoginPageTestCases@1f2586d6]" started-at="2025-01-24T15:52:27 IST" name="validateLogin" finished-at="2025-01-24T15:52:28 IST" duration-ms="1338" status="PASS">
          <reporter-output>
          </reporter-output>
        </test-method> <!-- validateLogin -->
      </class> <!-- com.CRM.TestCases.LoginPageTestCases -->
    </test> <!-- LoginPageTest -->
  </suite> <!-- Suite -->
</testng-results>
