<?xml version="1.0" encoding="UTF-8"?>
<testng-results ignored="0" total="4" passed="4" failed="0" skipped="0">
  <reporter-output>
  </reporter-output>
  <suite started-at="2025-01-19T12:59:00 IST" name="Suite" finished-at="2025-01-19T12:59:19 IST" duration-ms="19281">
    <groups>
    </groups>
    <test started-at="2025-01-19T12:59:00 IST" name="HomePageTest" finished-at="2025-01-19T12:59:13 IST" duration-ms="13249">
      <class name="com.CRM.TestCases.HomePageTestCases">
        <test-method is-config="true" signature="setup()[pri:0, instance:com.CRM.TestCases.HomePageTestCases@76505305]" started-at="2025-01-19T12:59:00 IST" name="setup" finished-at="2025-01-19T12:59:12 IST" duration-ms="12074" status="PASS">
          <reporter-output>
          </reporter-output>
        </test-method> <!-- setup -->
        <test-method signature="verifyUrl()[pri:1, instance:com.CRM.TestCases.HomePageTestCases@76505305]" started-at="2025-01-19T12:59:12 IST" name="verifyUrl" finished-at="2025-01-19T12:59:12 IST" duration-ms="11" status="PASS">
          <reporter-output>
          </reporter-output>
        </test-method> <!-- verifyUrl -->
        <test-method signature="verifyTitle()[pri:2, instance:com.CRM.TestCases.HomePageTestCases@76505305]" started-at="2025-01-19T12:59:12 IST" name="verifyTitle" finished-at="2025-01-19T12:59:12 IST" duration-ms="5" status="PASS">
          <reporter-output>
          </reporter-output>
        </test-method> <!-- verifyTitle -->
        <test-method signature="validateSignInLink()[pri:3, instance:com.CRM.TestCases.HomePageTestCases@76505305]" started-at="2025-01-19T12:59:12 IST" name="validateSignInLink" finished-at="2025-01-19T12:59:13 IST" duration-ms="1136" status="PASS">
          <reporter-output>
          </reporter-output>
        </test-method> <!-- validateSignInLink -->
      </class> <!-- com.CRM.TestCases.HomePageTestCases -->
    </test> <!-- HomePageTest -->
    <test started-at="2025-01-19T12:59:13 IST" name="LoginPageTest" finished-at="2025-01-19T12:59:19 IST" duration-ms="5993">
      <class name="com.CRM.TestCases.LoginPageTestCases">
        <test-method is-config="true" signature="setup()[pri:0, instance:com.CRM.TestCases.LoginPageTestCases@1f2586d6]" started-at="2025-01-19T12:59:13 IST" name="setup" finished-at="2025-01-19T12:59:16 IST" duration-ms="2953" status="PASS">
          <reporter-output>
          </reporter-output>
        </test-method> <!-- setup -->
        <test-method is-config="true" signature="pageSetUp()[pri:0, instance:com.CRM.TestCases.LoginPageTestCases@1f2586d6]" started-at="2025-01-19T12:59:16 IST" name="pageSetUp" finished-at="2025-01-19T12:59:17 IST" duration-ms="1057" status="PASS">
          <reporter-output>
          </reporter-output>
        </test-method> <!-- pageSetUp -->
        <test-method signature="validateLogin()[pri:0, instance:com.CRM.TestCases.LoginPageTestCases@1f2586d6]" started-at="2025-01-19T12:59:17 IST" name="validateLogin" finished-at="2025-01-19T12:59:19 IST" duration-ms="1980" status="PASS">
          <reporter-output>
          </reporter-output>
        </test-method> <!-- validateLogin -->
      </class> <!-- com.CRM.TestCases.LoginPageTestCases -->
    </test> <!-- LoginPageTest -->
  </suite> <!-- Suite -->
</testng-results>
